2023-04-04 23:10:12,063{GMT}	INFO	[jepsen test runner] jepsen.core: Command line:
lein run test -w echo --bin ././1_echo/./1_echo --node-count 1 --time-limit 10
2023-04-04 23:10:12,131{GMT}	INFO	[jepsen test runner] jepsen.core: Running test:
{:args []
 :remote
 #jepsen.control.retry.Remote{:remote #jepsen.control.scp.Remote{:cmd-remote #jepsen.control.sshj.SSHJRemote{:concurrency-limit 6,
                                                                                                             :conn-spec nil,
                                                                                                             :client nil,
                                                                                                             :semaphore nil},
                                                                 :conn-spec nil},
                              :conn nil}
 :log-net-send false
 :node-count 1
 :availability nil
 :max-txn-length 4
 :concurrency 1
 :db
 #object[maelstrom.db$db$reify__16142
         "0x17734113"
         "maelstrom.db$db$reify__16142@17734113"]
 :max-writes-per-key 16
 :leave-db-running? false
 :name "echo"
 :logging-json? false
 :start-time
 #object[org.joda.time.DateTime "0x7d3a9061" "2023-04-04T23:10:12.032+02:00"]
 :nemesis-interval 10
 :net
 #object[maelstrom.net$jepsen_net$reify__15251
         "0x2a2f7a61"
         "maelstrom.net$jepsen_net$reify__15251@2a2f7a61"]
 :client
 #object[maelstrom.workload.echo$client$reify__16863
         "0x8d40f07"
         "maelstrom.workload.echo$client$reify__16863@8d40f07"]
 :barrier
 #object[java.util.concurrent.CyclicBarrier
         "0x196c8b93"
         "java.util.concurrent.CyclicBarrier@196c8b93"]
 :log-stderr false
 :pure-generators true
 :ssh {:dummy? true}
 :rate 5
 :checker
 #object[jepsen.checker$compose$reify__11881
         "0x307ca947"
         "jepsen.checker$compose$reify__11881@307ca947"]
 :argv
 ("test"
  "-w"
  "echo"
  "--bin"
  "././1_echo/./1_echo"
  "--node-count"
  "1"
  "--time-limit"
  "10")
 :nemesis
 (jepsen.nemesis.ReflCompose
  {:fm {:start-partition 0,
        :stop-partition 0,
        :kill 1,
        :start 1,
        :pause 1,
        :resume 1},
   :nemeses [#unprintable "jepsen.nemesis.combined$partition_nemesis$reify__16416@61d1315b"
             #unprintable "jepsen.nemesis.combined$db_nemesis$reify__16397@49d5b651"]})
 :nodes ["n0"]
 :test-count 1
 :latency {:mean 0, :dist :constant}
 :bin "././1_echo/./1_echo"
 :generator
 (jepsen.generator.TimeLimit
  {:limit 10000000000,
   :cutoff nil,
   :gen (jepsen.generator.Any
         {:gens [(jepsen.generator.OnThreads
                  {:f #{:nemesis},
                   :context-filter #object[jepsen.generator.context$make_thread_filter$lazy_filter__9167
                                           "0x4a03c4bc"
                                           "jepsen.generator.context$make_thread_filter$lazy_filter__9167@4a03c4bc"],
                   :gen nil})
                 (jepsen.generator.OnThreads
                  {:f #jepsen.generator.context.AllBut{:element :nemesis},
                   :context-filter #object[jepsen.generator.context$make_thread_filter$lazy_filter__9167
                                           "0x3d0c88f4"
                                           "jepsen.generator.context$make_thread_filter$lazy_filter__9167@3d0c88f4"],
                   :gen (jepsen.generator.Stagger
                         {:dt 400000000,
                          :next-time nil,
                          :gen (jepsen.generator.EachThread
                                {:fresh-gen #object[maelstrom.workload.echo$workload$fn__16882
                                                    "0x5aad4194"
                                                    "maelstrom.workload.echo$workload$fn__16882@5aad4194"],
                                 :context-filters #object[clojure.core$promise$reify__8591
                                                          "0x50a1c2f3"
                                                          {:status :pending,
                                                           :val nil}],
                                 :gens {}})})})]})})
 :log-net-recv false
 :os
 #object[maelstrom.net$jepsen_os$reify__15254
         "0x453ca7f"
         "maelstrom.net$jepsen_os$reify__15254@453ca7f"]
 :time-limit 10
 :workload :echo
 :consistency-models [:strict-serializable]
 :topology :grid}

2023-04-04 23:10:14,008{GMT}	INFO	[jepsen node n0] maelstrom.net: Starting Maelstrom network
2023-04-04 23:10:14,010{GMT}	INFO	[jepsen test runner] jepsen.db: Tearing down DB
2023-04-04 23:10:14,011{GMT}	INFO	[jepsen test runner] jepsen.db: Setting up DB
2023-04-04 23:10:14,014{GMT}	INFO	[jepsen node n0] maelstrom.service: Starting services: (lin-kv lin-tso lww-kv seq-kv)
2023-04-04 23:10:14,015{GMT}	INFO	[jepsen node n0] maelstrom.db: Setting up n0
2023-04-04 23:10:14,015{GMT}	INFO	[jepsen node n0] maelstrom.process: launching ././1_echo/./1_echo []
2023-04-04 23:10:14,112{GMT}	INFO	[jepsen test runner] jepsen.core: Relative time begins now
2023-04-04 23:10:14,124{GMT}	INFO	[jepsen worker 0] jepsen.util: 0	:invoke	:echo	"Please echo 38"
2023-04-04 23:10:14,129{GMT}	INFO	[jepsen worker 0] jepsen.util: 0	:ok	:echo	{:echo "Please echo 38", :in_reply_to 1, :msg_id 1, :type "echo_ok"}
2023-04-04 23:10:14,306{GMT}	INFO	[jepsen worker 0] jepsen.util: 0	:invoke	:echo	"Please echo 39"
2023-04-04 23:10:14,308{GMT}	INFO	[jepsen worker 0] jepsen.util: 0	:ok	:echo	{:echo "Please echo 39", :in_reply_to 2, :msg_id 2, :type "echo_ok"}
2023-04-04 23:10:14,381{GMT}	INFO	[jepsen worker 0] jepsen.util: 0	:invoke	:echo	"Please echo 33"
2023-04-04 23:10:14,384{GMT}	INFO	[jepsen worker 0] jepsen.util: 0	:ok	:echo	{:echo "Please echo 33", :in_reply_to 3, :msg_id 3, :type "echo_ok"}
2023-04-04 23:10:14,585{GMT}	INFO	[jepsen worker 0] jepsen.util: 0	:invoke	:echo	"Please echo 10"
2023-04-04 23:10:14,587{GMT}	INFO	[jepsen worker 0] jepsen.util: 0	:ok	:echo	{:echo "Please echo 10", :in_reply_to 4, :msg_id 4, :type "echo_ok"}
2023-04-04 23:10:14,771{GMT}	INFO	[jepsen worker 0] jepsen.util: 0	:invoke	:echo	"Please echo 7"
2023-04-04 23:10:14,773{GMT}	INFO	[jepsen worker 0] jepsen.util: 0	:ok	:echo	{:echo "Please echo 7", :in_reply_to 5, :msg_id 5, :type "echo_ok"}
2023-04-04 23:10:14,897{GMT}	INFO	[jepsen worker 0] jepsen.util: 0	:invoke	:echo	"Please echo 94"
2023-04-04 23:10:14,899{GMT}	INFO	[jepsen worker 0] jepsen.util: 0	:ok	:echo	{:echo "Please echo 94", :in_reply_to 6, :msg_id 6, :type "echo_ok"}
2023-04-04 23:10:15,034{GMT}	INFO	[jepsen worker 0] jepsen.util: 0	:invoke	:echo	"Please echo 92"
2023-04-04 23:10:15,036{GMT}	INFO	[jepsen worker 0] jepsen.util: 0	:ok	:echo	{:echo "Please echo 92", :in_reply_to 7, :msg_id 7, :type "echo_ok"}
2023-04-04 23:10:15,275{GMT}	INFO	[jepsen worker 0] jepsen.util: 0	:invoke	:echo	"Please echo 89"
2023-04-04 23:10:15,278{GMT}	INFO	[jepsen worker 0] jepsen.util: 0	:ok	:echo	{:echo "Please echo 89", :in_reply_to 8, :msg_id 8, :type "echo_ok"}
2023-04-04 23:10:15,287{GMT}	INFO	[jepsen worker 0] jepsen.util: 0	:invoke	:echo	"Please echo 13"
2023-04-04 23:10:15,290{GMT}	INFO	[jepsen worker 0] jepsen.util: 0	:ok	:echo	{:echo "Please echo 13", :in_reply_to 9, :msg_id 9, :type "echo_ok"}
2023-04-04 23:10:15,566{GMT}	INFO	[jepsen worker 0] jepsen.util: 0	:invoke	:echo	"Please echo 3"
2023-04-04 23:10:15,568{GMT}	INFO	[jepsen worker 0] jepsen.util: 0	:ok	:echo	{:echo "Please echo 3", :in_reply_to 10, :msg_id 10, :type "echo_ok"}
2023-04-04 23:10:15,906{GMT}	INFO	[jepsen worker 0] jepsen.util: 0	:invoke	:echo	"Please echo 44"
2023-04-04 23:10:15,908{GMT}	INFO	[jepsen worker 0] jepsen.util: 0	:ok	:echo	{:echo "Please echo 44", :in_reply_to 11, :msg_id 11, :type "echo_ok"}
2023-04-04 23:10:16,051{GMT}	INFO	[jepsen worker 0] jepsen.util: 0	:invoke	:echo	"Please echo 36"
2023-04-04 23:10:16,053{GMT}	INFO	[jepsen worker 0] jepsen.util: 0	:ok	:echo	{:echo "Please echo 36", :in_reply_to 12, :msg_id 12, :type "echo_ok"}
2023-04-04 23:10:16,336{GMT}	INFO	[jepsen worker 0] jepsen.util: 0	:invoke	:echo	"Please echo 50"
2023-04-04 23:10:16,339{GMT}	INFO	[jepsen worker 0] jepsen.util: 0	:ok	:echo	{:echo "Please echo 50", :in_reply_to 13, :msg_id 13, :type "echo_ok"}
2023-04-04 23:10:16,479{GMT}	INFO	[jepsen worker 0] jepsen.util: 0	:invoke	:echo	"Please echo 15"
2023-04-04 23:10:16,481{GMT}	INFO	[jepsen worker 0] jepsen.util: 0	:ok	:echo	{:echo "Please echo 15", :in_reply_to 14, :msg_id 14, :type "echo_ok"}
2023-04-04 23:10:16,542{GMT}	INFO	[jepsen worker 0] jepsen.util: 0	:invoke	:echo	"Please echo 45"
2023-04-04 23:10:16,543{GMT}	INFO	[jepsen worker 0] jepsen.util: 0	:ok	:echo	{:echo "Please echo 45", :in_reply_to 15, :msg_id 15, :type "echo_ok"}
2023-04-04 23:10:16,721{GMT}	INFO	[jepsen worker 0] jepsen.util: 0	:invoke	:echo	"Please echo 0"
2023-04-04 23:10:16,723{GMT}	INFO	[jepsen worker 0] jepsen.util: 0	:ok	:echo	{:echo "Please echo 0", :in_reply_to 16, :msg_id 16, :type "echo_ok"}
2023-04-04 23:10:16,758{GMT}	INFO	[jepsen worker 0] jepsen.util: 0	:invoke	:echo	"Please echo 39"
2023-04-04 23:10:16,759{GMT}	INFO	[jepsen worker 0] jepsen.util: 0	:ok	:echo	{:echo "Please echo 39", :in_reply_to 17, :msg_id 17, :type "echo_ok"}
2023-04-04 23:10:16,867{GMT}	INFO	[jepsen worker 0] jepsen.util: 0	:invoke	:echo	"Please echo 60"
2023-04-04 23:10:16,869{GMT}	INFO	[jepsen worker 0] jepsen.util: 0	:ok	:echo	{:echo "Please echo 60", :in_reply_to 18, :msg_id 18, :type "echo_ok"}
2023-04-04 23:10:17,080{GMT}	INFO	[jepsen worker 0] jepsen.util: 0	:invoke	:echo	"Please echo 107"
2023-04-04 23:10:17,082{GMT}	INFO	[jepsen worker 0] jepsen.util: 0	:ok	:echo	{:echo "Please echo 107", :in_reply_to 19, :msg_id 19, :type "echo_ok"}
2023-04-04 23:10:17,143{GMT}	INFO	[jepsen worker 0] jepsen.util: 0	:invoke	:echo	"Please echo 66"
2023-04-04 23:10:17,144{GMT}	INFO	[jepsen worker 0] jepsen.util: 0	:ok	:echo	{:echo "Please echo 66", :in_reply_to 20, :msg_id 20, :type "echo_ok"}
2023-04-04 23:10:17,490{GMT}	INFO	[jepsen worker 0] jepsen.util: 0	:invoke	:echo	"Please echo 48"
2023-04-04 23:10:17,491{GMT}	INFO	[jepsen worker 0] jepsen.util: 0	:ok	:echo	{:echo "Please echo 48", :in_reply_to 21, :msg_id 21, :type "echo_ok"}
2023-04-04 23:10:17,516{GMT}	INFO	[jepsen worker 0] jepsen.util: 0	:invoke	:echo	"Please echo 89"
2023-04-04 23:10:17,518{GMT}	INFO	[jepsen worker 0] jepsen.util: 0	:ok	:echo	{:echo "Please echo 89", :in_reply_to 22, :msg_id 22, :type "echo_ok"}
2023-04-04 23:10:17,585{GMT}	INFO	[jepsen worker 0] jepsen.util: 0	:invoke	:echo	"Please echo 16"
2023-04-04 23:10:17,586{GMT}	INFO	[jepsen worker 0] jepsen.util: 0	:ok	:echo	{:echo "Please echo 16", :in_reply_to 23, :msg_id 23, :type "echo_ok"}
2023-04-04 23:10:17,681{GMT}	INFO	[jepsen worker 0] jepsen.util: 0	:invoke	:echo	"Please echo 119"
2023-04-04 23:10:17,682{GMT}	INFO	[jepsen worker 0] jepsen.util: 0	:ok	:echo	{:echo "Please echo 119", :in_reply_to 24, :msg_id 24, :type "echo_ok"}
2023-04-04 23:10:17,886{GMT}	INFO	[jepsen worker 0] jepsen.util: 0	:invoke	:echo	"Please echo 2"
2023-04-04 23:10:17,887{GMT}	INFO	[jepsen worker 0] jepsen.util: 0	:ok	:echo	{:echo "Please echo 2", :in_reply_to 25, :msg_id 25, :type "echo_ok"}
2023-04-04 23:10:18,055{GMT}	INFO	[jepsen worker 0] jepsen.util: 0	:invoke	:echo	"Please echo 41"
2023-04-04 23:10:18,057{GMT}	INFO	[jepsen worker 0] jepsen.util: 0	:ok	:echo	{:echo "Please echo 41", :in_reply_to 26, :msg_id 26, :type "echo_ok"}
2023-04-04 23:10:18,285{GMT}	INFO	[jepsen worker 0] jepsen.util: 0	:invoke	:echo	"Please echo 96"
2023-04-04 23:10:18,286{GMT}	INFO	[jepsen worker 0] jepsen.util: 0	:ok	:echo	{:echo "Please echo 96", :in_reply_to 27, :msg_id 27, :type "echo_ok"}
2023-04-04 23:10:18,457{GMT}	INFO	[jepsen worker 0] jepsen.util: 0	:invoke	:echo	"Please echo 37"
2023-04-04 23:10:18,459{GMT}	INFO	[jepsen worker 0] jepsen.util: 0	:ok	:echo	{:echo "Please echo 37", :in_reply_to 28, :msg_id 28, :type "echo_ok"}
2023-04-04 23:10:18,827{GMT}	INFO	[jepsen worker 0] jepsen.util: 0	:invoke	:echo	"Please echo 68"
2023-04-04 23:10:18,828{GMT}	INFO	[jepsen worker 0] jepsen.util: 0	:ok	:echo	{:echo "Please echo 68", :in_reply_to 29, :msg_id 29, :type "echo_ok"}
2023-04-04 23:10:19,080{GMT}	INFO	[jepsen worker 0] jepsen.util: 0	:invoke	:echo	"Please echo 23"
2023-04-04 23:10:19,082{GMT}	INFO	[jepsen worker 0] jepsen.util: 0	:ok	:echo	{:echo "Please echo 23", :in_reply_to 30, :msg_id 30, :type "echo_ok"}
2023-04-04 23:10:19,149{GMT}	INFO	[jepsen worker 0] jepsen.util: 0	:invoke	:echo	"Please echo 122"
2023-04-04 23:10:19,150{GMT}	INFO	[jepsen worker 0] jepsen.util: 0	:ok	:echo	{:echo "Please echo 122", :in_reply_to 31, :msg_id 31, :type "echo_ok"}
2023-04-04 23:10:19,170{GMT}	INFO	[jepsen worker 0] jepsen.util: 0	:invoke	:echo	"Please echo 66"
2023-04-04 23:10:19,171{GMT}	INFO	[jepsen worker 0] jepsen.util: 0	:ok	:echo	{:echo "Please echo 66", :in_reply_to 32, :msg_id 32, :type "echo_ok"}
2023-04-04 23:10:19,273{GMT}	INFO	[jepsen worker 0] jepsen.util: 0	:invoke	:echo	"Please echo 71"
2023-04-04 23:10:19,274{GMT}	INFO	[jepsen worker 0] jepsen.util: 0	:ok	:echo	{:echo "Please echo 71", :in_reply_to 33, :msg_id 33, :type "echo_ok"}
2023-04-04 23:10:19,390{GMT}	INFO	[jepsen worker 0] jepsen.util: 0	:invoke	:echo	"Please echo 4"
2023-04-04 23:10:19,391{GMT}	INFO	[jepsen worker 0] jepsen.util: 0	:ok	:echo	{:echo "Please echo 4", :in_reply_to 34, :msg_id 34, :type "echo_ok"}
2023-04-04 23:10:19,723{GMT}	INFO	[jepsen worker 0] jepsen.util: 0	:invoke	:echo	"Please echo 78"
2023-04-04 23:10:19,725{GMT}	INFO	[jepsen worker 0] jepsen.util: 0	:ok	:echo	{:echo "Please echo 78", :in_reply_to 35, :msg_id 35, :type "echo_ok"}
2023-04-04 23:10:20,085{GMT}	INFO	[jepsen worker 0] jepsen.util: 0	:invoke	:echo	"Please echo 26"
2023-04-04 23:10:20,086{GMT}	INFO	[jepsen worker 0] jepsen.util: 0	:ok	:echo	{:echo "Please echo 26", :in_reply_to 36, :msg_id 36, :type "echo_ok"}
2023-04-04 23:10:20,305{GMT}	INFO	[jepsen worker 0] jepsen.util: 0	:invoke	:echo	"Please echo 92"
2023-04-04 23:10:20,306{GMT}	INFO	[jepsen worker 0] jepsen.util: 0	:ok	:echo	{:echo "Please echo 92", :in_reply_to 37, :msg_id 37, :type "echo_ok"}
2023-04-04 23:10:20,620{GMT}	INFO	[jepsen worker 0] jepsen.util: 0	:invoke	:echo	"Please echo 48"
2023-04-04 23:10:20,622{GMT}	INFO	[jepsen worker 0] jepsen.util: 0	:ok	:echo	{:echo "Please echo 48", :in_reply_to 38, :msg_id 38, :type "echo_ok"}
2023-04-04 23:10:21,007{GMT}	INFO	[jepsen worker 0] jepsen.util: 0	:invoke	:echo	"Please echo 92"
2023-04-04 23:10:21,009{GMT}	INFO	[jepsen worker 0] jepsen.util: 0	:ok	:echo	{:echo "Please echo 92", :in_reply_to 39, :msg_id 39, :type "echo_ok"}
2023-04-04 23:10:21,021{GMT}	INFO	[jepsen worker 0] jepsen.util: 0	:invoke	:echo	"Please echo 87"
2023-04-04 23:10:21,024{GMT}	INFO	[jepsen worker 0] jepsen.util: 0	:ok	:echo	{:echo "Please echo 87", :in_reply_to 40, :msg_id 40, :type "echo_ok"}
2023-04-04 23:10:21,055{GMT}	INFO	[jepsen worker 0] jepsen.util: 0	:invoke	:echo	"Please echo 26"
2023-04-04 23:10:21,056{GMT}	INFO	[jepsen worker 0] jepsen.util: 0	:ok	:echo	{:echo "Please echo 26", :in_reply_to 41, :msg_id 41, :type "echo_ok"}
2023-04-04 23:10:21,079{GMT}	INFO	[jepsen worker 0] jepsen.util: 0	:invoke	:echo	"Please echo 64"
2023-04-04 23:10:21,081{GMT}	INFO	[jepsen worker 0] jepsen.util: 0	:ok	:echo	{:echo "Please echo 64", :in_reply_to 42, :msg_id 42, :type "echo_ok"}
2023-04-04 23:10:21,193{GMT}	INFO	[jepsen worker 0] jepsen.util: 0	:invoke	:echo	"Please echo 11"
2023-04-04 23:10:21,195{GMT}	INFO	[jepsen worker 0] jepsen.util: 0	:ok	:echo	{:echo "Please echo 11", :in_reply_to 43, :msg_id 43, :type "echo_ok"}
2023-04-04 23:10:21,271{GMT}	INFO	[jepsen worker 0] jepsen.util: 0	:invoke	:echo	"Please echo 26"
2023-04-04 23:10:21,272{GMT}	INFO	[jepsen worker 0] jepsen.util: 0	:ok	:echo	{:echo "Please echo 26", :in_reply_to 44, :msg_id 44, :type "echo_ok"}
2023-04-04 23:10:21,484{GMT}	INFO	[jepsen worker 0] jepsen.util: 0	:invoke	:echo	"Please echo 44"
2023-04-04 23:10:21,486{GMT}	INFO	[jepsen worker 0] jepsen.util: 0	:ok	:echo	{:echo "Please echo 44", :in_reply_to 45, :msg_id 45, :type "echo_ok"}
2023-04-04 23:10:21,770{GMT}	INFO	[jepsen worker 0] jepsen.util: 0	:invoke	:echo	"Please echo 39"
2023-04-04 23:10:21,771{GMT}	INFO	[jepsen worker 0] jepsen.util: 0	:ok	:echo	{:echo "Please echo 39", :in_reply_to 46, :msg_id 46, :type "echo_ok"}
2023-04-04 23:10:21,901{GMT}	INFO	[jepsen worker 0] jepsen.util: 0	:invoke	:echo	"Please echo 97"
2023-04-04 23:10:21,902{GMT}	INFO	[jepsen worker 0] jepsen.util: 0	:ok	:echo	{:echo "Please echo 97", :in_reply_to 47, :msg_id 47, :type "echo_ok"}
2023-04-04 23:10:22,285{GMT}	INFO	[jepsen worker 0] jepsen.util: 0	:invoke	:echo	"Please echo 35"
2023-04-04 23:10:22,288{GMT}	INFO	[jepsen worker 0] jepsen.util: 0	:ok	:echo	{:echo "Please echo 35", :in_reply_to 48, :msg_id 48, :type "echo_ok"}
2023-04-04 23:10:22,406{GMT}	INFO	[jepsen worker 0] jepsen.util: 0	:invoke	:echo	"Please echo 89"
2023-04-04 23:10:22,408{GMT}	INFO	[jepsen worker 0] jepsen.util: 0	:ok	:echo	{:echo "Please echo 89", :in_reply_to 49, :msg_id 49, :type "echo_ok"}
2023-04-04 23:10:22,620{GMT}	INFO	[jepsen worker 0] jepsen.util: 0	:invoke	:echo	"Please echo 53"
2023-04-04 23:10:22,621{GMT}	INFO	[jepsen worker 0] jepsen.util: 0	:ok	:echo	{:echo "Please echo 53", :in_reply_to 50, :msg_id 50, :type "echo_ok"}
2023-04-04 23:10:22,789{GMT}	INFO	[jepsen worker 0] jepsen.util: 0	:invoke	:echo	"Please echo 28"
2023-04-04 23:10:22,791{GMT}	INFO	[jepsen worker 0] jepsen.util: 0	:ok	:echo	{:echo "Please echo 28", :in_reply_to 51, :msg_id 51, :type "echo_ok"}
2023-04-04 23:10:23,156{GMT}	INFO	[jepsen worker 0] jepsen.util: 0	:invoke	:echo	"Please echo 43"
2023-04-04 23:10:23,157{GMT}	INFO	[jepsen worker 0] jepsen.util: 0	:ok	:echo	{:echo "Please echo 43", :in_reply_to 52, :msg_id 52, :type "echo_ok"}
2023-04-04 23:10:23,442{GMT}	INFO	[jepsen worker 0] jepsen.util: 0	:invoke	:echo	"Please echo 126"
2023-04-04 23:10:23,443{GMT}	INFO	[jepsen worker 0] jepsen.util: 0	:ok	:echo	{:echo "Please echo 126", :in_reply_to 53, :msg_id 53, :type "echo_ok"}
2023-04-04 23:10:23,448{GMT}	INFO	[jepsen worker 0] jepsen.util: 0	:invoke	:echo	"Please echo 80"
2023-04-04 23:10:23,450{GMT}	INFO	[jepsen worker 0] jepsen.util: 0	:ok	:echo	{:echo "Please echo 80", :in_reply_to 54, :msg_id 54, :type "echo_ok"}
2023-04-04 23:10:23,694{GMT}	INFO	[jepsen worker 0] jepsen.util: 0	:invoke	:echo	"Please echo 87"
2023-04-04 23:10:23,695{GMT}	INFO	[jepsen worker 0] jepsen.util: 0	:ok	:echo	{:echo "Please echo 87", :in_reply_to 55, :msg_id 55, :type "echo_ok"}
2023-04-04 23:10:23,903{GMT}	INFO	[jepsen worker 0] jepsen.util: 0	:invoke	:echo	"Please echo 56"
2023-04-04 23:10:23,905{GMT}	INFO	[jepsen worker 0] jepsen.util: 0	:ok	:echo	{:echo "Please echo 56", :in_reply_to 56, :msg_id 56, :type "echo_ok"}
2023-04-04 23:10:23,935{GMT}	INFO	[jepsen test runner] jepsen.core: Run complete, writing
2023-04-04 23:10:23,982{GMT}	INFO	[jepsen node n0] maelstrom.db: Tearing down n0
2023-04-04 23:10:25,044{GMT}	INFO	[jepsen node n0] maelstrom.net: Shutting down Maelstrom network
2023-04-04 23:10:25,045{GMT}	INFO	[jepsen test runner] jepsen.core: Analyzing...
2023-04-04 23:10:25,377{GMT}	INFO	[jepsen test runner] jepsen.core: Analysis complete
2023-04-04 23:10:25,398{GMT}	INFO	[jepsen results] jepsen.store: Wrote /Users/bubu/workspace/gossip-gloomers/store/echo/20230404T231012.032+0200/results.edn
2023-04-04 23:10:25,481{GMT}	INFO	[jepsen test runner] jepsen.core: {:perf {:latency-graph {:valid? true},
        :rate-graph {:valid? true},
        :valid? true},
 :timeline {:valid? true},
 :exceptions {:valid? true},
 :stats {:valid? true,
         :count 56,
         :ok-count 56,
         :fail-count 0,
         :info-count 0,
         :by-f {:echo {:valid? true,
                       :count 56,
                       :ok-count 56,
                       :fail-count 0,
                       :info-count 0}}},
 :availability {:valid? true, :ok-fraction 1.0},
 :net {:all {:send-count 114,
             :recv-count 114,
             :msg-count 114,
             :msgs-per-op 2.0357144},
       :clients {:send-count 114, :recv-count 114, :msg-count 114},
       :servers {:send-count 0,
                 :recv-count 0,
                 :msg-count 0,
                 :msgs-per-op 0.0},
       :valid? true},
 :workload {:valid? true, :errors ()},
 :valid? true}


Everything looks good! ヽ(‘ー`)ノ
