2023-04-04 23:07:30,165{GMT}	INFO	[jepsen test runner] jepsen.core: Command line:
lein run test -w echo --bin ./1_echo/1_echo --node-count 1 --time-limit 10
2023-04-04 23:07:30,222{GMT}	INFO	[jepsen test runner] jepsen.core: Running test:
{:args []
 :remote
 #jepsen.control.retry.Remote{:remote #jepsen.control.scp.Remote{:cmd-remote #jepsen.control.sshj.SSHJRemote{:concurrency-limit 6,
                                                                                                             :conn-spec nil,
                                                                                                             :client nil,
                                                                                                             :semaphore nil},
                                                                 :conn-spec nil},
                              :conn nil}
 :log-net-send false
 :node-count 1
 :availability nil
 :max-txn-length 4
 :concurrency 1
 :db
 #object[maelstrom.db$db$reify__16142
         "0x27aa700"
         "maelstrom.db$db$reify__16142@27aa700"]
 :max-writes-per-key 16
 :leave-db-running? false
 :name "echo"
 :logging-json? false
 :start-time
 #object[org.joda.time.DateTime "0x2a2f7a61" "2023-04-04T23:07:30.128+02:00"]
 :nemesis-interval 10
 :net
 #object[maelstrom.net$jepsen_net$reify__15251
         "0x8d40f07"
         "maelstrom.net$jepsen_net$reify__15251@8d40f07"]
 :client
 #object[maelstrom.workload.echo$client$reify__16863
         "0x196c8b93"
         "maelstrom.workload.echo$client$reify__16863@196c8b93"]
 :barrier
 #object[java.util.concurrent.CyclicBarrier
         "0x307ca947"
         "java.util.concurrent.CyclicBarrier@307ca947"]
 :log-stderr false
 :pure-generators true
 :ssh {:dummy? true}
 :rate 5
 :checker
 #object[jepsen.checker$compose$reify__11881
         "0x61d1315b"
         "jepsen.checker$compose$reify__11881@61d1315b"]
 :argv
 ("test"
  "-w"
  "echo"
  "--bin"
  "./1_echo/1_echo"
  "--node-count"
  "1"
  "--time-limit"
  "10")
 :nemesis
 (jepsen.nemesis.ReflCompose
  {:fm {:start-partition 0,
        :stop-partition 0,
        :kill 1,
        :start 1,
        :pause 1,
        :resume 1},
   :nemeses [#unprintable "jepsen.nemesis.combined$partition_nemesis$reify__16416@49d5b651"
             #unprintable "jepsen.nemesis.combined$db_nemesis$reify__16397@34989ceb"]})
 :nodes ["n0"]
 :test-count 1
 :latency {:mean 0, :dist :constant}
 :bin "./1_echo/1_echo"
 :generator
 (jepsen.generator.TimeLimit
  {:limit 10000000000,
   :cutoff nil,
   :gen (jepsen.generator.Any
         {:gens [(jepsen.generator.OnThreads
                  {:f #{:nemesis},
                   :context-filter #object[jepsen.generator.context$make_thread_filter$lazy_filter__9167
                                           "0x3d0c88f4"
                                           "jepsen.generator.context$make_thread_filter$lazy_filter__9167@3d0c88f4"],
                   :gen nil})
                 (jepsen.generator.OnThreads
                  {:f #jepsen.generator.context.AllBut{:element :nemesis},
                   :context-filter #object[jepsen.generator.context$make_thread_filter$lazy_filter__9167
                                           "0x5aad4194"
                                           "jepsen.generator.context$make_thread_filter$lazy_filter__9167@5aad4194"],
                   :gen (jepsen.generator.Stagger
                         {:dt 400000000,
                          :next-time nil,
                          :gen (jepsen.generator.EachThread
                                {:fresh-gen #object[maelstrom.workload.echo$workload$fn__16882
                                                    "0x50a1c2f3"
                                                    "maelstrom.workload.echo$workload$fn__16882@50a1c2f3"],
                                 :context-filters #object[clojure.core$promise$reify__8591
                                                          "0x453ca7f"
                                                          {:status :pending,
                                                           :val nil}],
                                 :gens {}})})})]})})
 :log-net-recv false
 :os
 #object[maelstrom.net$jepsen_os$reify__15254
         "0x5d41b929"
         "maelstrom.net$jepsen_os$reify__15254@5d41b929"]
 :time-limit 10
 :workload :echo
 :consistency-models [:strict-serializable]
 :topology :grid}

2023-04-04 23:07:32,024{GMT}	INFO	[jepsen node n0] maelstrom.net: Starting Maelstrom network
2023-04-04 23:07:32,025{GMT}	INFO	[jepsen test runner] jepsen.db: Tearing down DB
2023-04-04 23:07:32,027{GMT}	INFO	[jepsen test runner] jepsen.db: Setting up DB
2023-04-04 23:07:32,030{GMT}	INFO	[jepsen node n0] maelstrom.service: Starting services: (lin-kv lin-tso lww-kv seq-kv)
2023-04-04 23:07:32,032{GMT}	INFO	[jepsen node n0] maelstrom.db: Setting up n0
2023-04-04 23:07:32,032{GMT}	INFO	[jepsen node n0] maelstrom.process: launching ./1_echo/1_echo []
2023-04-04 23:07:32,226{GMT}	INFO	[jepsen test runner] jepsen.core: Relative time begins now
2023-04-04 23:07:32,238{GMT}	INFO	[jepsen worker 0] jepsen.util: 0	:invoke	:echo	"Please echo 98"
2023-04-04 23:07:32,244{GMT}	INFO	[jepsen worker 0] jepsen.util: 0	:ok	:echo	{:echo "Please echo 98", :in_reply_to 1, :msg_id 1, :type "echo_ok"}
2023-04-04 23:07:32,280{GMT}	INFO	[jepsen worker 0] jepsen.util: 0	:invoke	:echo	"Please echo 7"
2023-04-04 23:07:32,282{GMT}	INFO	[jepsen worker 0] jepsen.util: 0	:ok	:echo	{:echo "Please echo 7", :in_reply_to 2, :msg_id 2, :type "echo_ok"}
2023-04-04 23:07:32,292{GMT}	INFO	[jepsen worker 0] jepsen.util: 0	:invoke	:echo	"Please echo 113"
2023-04-04 23:07:32,294{GMT}	INFO	[jepsen worker 0] jepsen.util: 0	:ok	:echo	{:echo "Please echo 113", :in_reply_to 3, :msg_id 3, :type "echo_ok"}
2023-04-04 23:07:32,630{GMT}	INFO	[jepsen worker 0] jepsen.util: 0	:invoke	:echo	"Please echo 64"
2023-04-04 23:07:32,632{GMT}	INFO	[jepsen worker 0] jepsen.util: 0	:ok	:echo	{:echo "Please echo 64", :in_reply_to 4, :msg_id 4, :type "echo_ok"}
2023-04-04 23:07:32,871{GMT}	INFO	[jepsen worker 0] jepsen.util: 0	:invoke	:echo	"Please echo 40"
2023-04-04 23:07:32,873{GMT}	INFO	[jepsen worker 0] jepsen.util: 0	:ok	:echo	{:echo "Please echo 40", :in_reply_to 5, :msg_id 5, :type "echo_ok"}
2023-04-04 23:07:32,973{GMT}	INFO	[jepsen worker 0] jepsen.util: 0	:invoke	:echo	"Please echo 73"
2023-04-04 23:07:32,975{GMT}	INFO	[jepsen worker 0] jepsen.util: 0	:ok	:echo	{:echo "Please echo 73", :in_reply_to 6, :msg_id 6, :type "echo_ok"}
2023-04-04 23:07:33,129{GMT}	INFO	[jepsen worker 0] jepsen.util: 0	:invoke	:echo	"Please echo 123"
2023-04-04 23:07:33,131{GMT}	INFO	[jepsen worker 0] jepsen.util: 0	:ok	:echo	{:echo "Please echo 123", :in_reply_to 7, :msg_id 7, :type "echo_ok"}
2023-04-04 23:07:33,280{GMT}	INFO	[jepsen worker 0] jepsen.util: 0	:invoke	:echo	"Please echo 34"
2023-04-04 23:07:33,282{GMT}	INFO	[jepsen worker 0] jepsen.util: 0	:ok	:echo	{:echo "Please echo 34", :in_reply_to 8, :msg_id 8, :type "echo_ok"}
2023-04-04 23:07:33,571{GMT}	INFO	[jepsen worker 0] jepsen.util: 0	:invoke	:echo	"Please echo 63"
2023-04-04 23:07:33,573{GMT}	INFO	[jepsen worker 0] jepsen.util: 0	:ok	:echo	{:echo "Please echo 63", :in_reply_to 9, :msg_id 9, :type "echo_ok"}
2023-04-04 23:07:33,810{GMT}	INFO	[jepsen worker 0] jepsen.util: 0	:invoke	:echo	"Please echo 44"
2023-04-04 23:07:33,813{GMT}	INFO	[jepsen worker 0] jepsen.util: 0	:ok	:echo	{:echo "Please echo 44", :in_reply_to 10, :msg_id 10, :type "echo_ok"}
2023-04-04 23:07:34,058{GMT}	INFO	[jepsen worker 0] jepsen.util: 0	:invoke	:echo	"Please echo 1"
2023-04-04 23:07:34,060{GMT}	INFO	[jepsen worker 0] jepsen.util: 0	:ok	:echo	{:echo "Please echo 1", :in_reply_to 11, :msg_id 11, :type "echo_ok"}
2023-04-04 23:07:34,165{GMT}	INFO	[jepsen worker 0] jepsen.util: 0	:invoke	:echo	"Please echo 94"
2023-04-04 23:07:34,167{GMT}	INFO	[jepsen worker 0] jepsen.util: 0	:ok	:echo	{:echo "Please echo 94", :in_reply_to 12, :msg_id 12, :type "echo_ok"}
2023-04-04 23:07:34,536{GMT}	INFO	[jepsen worker 0] jepsen.util: 0	:invoke	:echo	"Please echo 54"
2023-04-04 23:07:34,538{GMT}	INFO	[jepsen worker 0] jepsen.util: 0	:ok	:echo	{:echo "Please echo 54", :in_reply_to 13, :msg_id 13, :type "echo_ok"}
2023-04-04 23:07:34,640{GMT}	INFO	[jepsen worker 0] jepsen.util: 0	:invoke	:echo	"Please echo 71"
2023-04-04 23:07:34,641{GMT}	INFO	[jepsen worker 0] jepsen.util: 0	:ok	:echo	{:echo "Please echo 71", :in_reply_to 14, :msg_id 14, :type "echo_ok"}
2023-04-04 23:07:35,002{GMT}	INFO	[jepsen worker 0] jepsen.util: 0	:invoke	:echo	"Please echo 46"
2023-04-04 23:07:35,005{GMT}	INFO	[jepsen worker 0] jepsen.util: 0	:ok	:echo	{:echo "Please echo 46", :in_reply_to 15, :msg_id 15, :type "echo_ok"}
2023-04-04 23:07:35,243{GMT}	INFO	[jepsen worker 0] jepsen.util: 0	:invoke	:echo	"Please echo 96"
2023-04-04 23:07:35,245{GMT}	INFO	[jepsen worker 0] jepsen.util: 0	:ok	:echo	{:echo "Please echo 96", :in_reply_to 16, :msg_id 16, :type "echo_ok"}
2023-04-04 23:07:35,422{GMT}	INFO	[jepsen worker 0] jepsen.util: 0	:invoke	:echo	"Please echo 56"
2023-04-04 23:07:35,424{GMT}	INFO	[jepsen worker 0] jepsen.util: 0	:ok	:echo	{:echo "Please echo 56", :in_reply_to 17, :msg_id 17, :type "echo_ok"}
2023-04-04 23:07:35,731{GMT}	INFO	[jepsen worker 0] jepsen.util: 0	:invoke	:echo	"Please echo 40"
2023-04-04 23:07:35,732{GMT}	INFO	[jepsen worker 0] jepsen.util: 0	:ok	:echo	{:echo "Please echo 40", :in_reply_to 18, :msg_id 18, :type "echo_ok"}
2023-04-04 23:07:36,088{GMT}	INFO	[jepsen worker 0] jepsen.util: 0	:invoke	:echo	"Please echo 115"
2023-04-04 23:07:36,089{GMT}	INFO	[jepsen worker 0] jepsen.util: 0	:ok	:echo	{:echo "Please echo 115", :in_reply_to 19, :msg_id 19, :type "echo_ok"}
2023-04-04 23:07:36,258{GMT}	INFO	[jepsen worker 0] jepsen.util: 0	:invoke	:echo	"Please echo 99"
2023-04-04 23:07:36,260{GMT}	INFO	[jepsen worker 0] jepsen.util: 0	:ok	:echo	{:echo "Please echo 99", :in_reply_to 20, :msg_id 20, :type "echo_ok"}
2023-04-04 23:07:36,565{GMT}	INFO	[jepsen worker 0] jepsen.util: 0	:invoke	:echo	"Please echo 109"
2023-04-04 23:07:36,566{GMT}	INFO	[jepsen worker 0] jepsen.util: 0	:ok	:echo	{:echo "Please echo 109", :in_reply_to 21, :msg_id 21, :type "echo_ok"}
2023-04-04 23:07:36,931{GMT}	INFO	[jepsen worker 0] jepsen.util: 0	:invoke	:echo	"Please echo 72"
2023-04-04 23:07:36,932{GMT}	INFO	[jepsen worker 0] jepsen.util: 0	:ok	:echo	{:echo "Please echo 72", :in_reply_to 22, :msg_id 22, :type "echo_ok"}
2023-04-04 23:07:36,983{GMT}	INFO	[jepsen worker 0] jepsen.util: 0	:invoke	:echo	"Please echo 121"
2023-04-04 23:07:36,984{GMT}	INFO	[jepsen worker 0] jepsen.util: 0	:ok	:echo	{:echo "Please echo 121", :in_reply_to 23, :msg_id 23, :type "echo_ok"}
2023-04-04 23:07:37,055{GMT}	INFO	[jepsen worker 0] jepsen.util: 0	:invoke	:echo	"Please echo 116"
2023-04-04 23:07:37,058{GMT}	INFO	[jepsen worker 0] jepsen.util: 0	:ok	:echo	{:echo "Please echo 116", :in_reply_to 24, :msg_id 24, :type "echo_ok"}
2023-04-04 23:07:37,380{GMT}	INFO	[jepsen worker 0] jepsen.util: 0	:invoke	:echo	"Please echo 29"
2023-04-04 23:07:37,382{GMT}	INFO	[jepsen worker 0] jepsen.util: 0	:ok	:echo	{:echo "Please echo 29", :in_reply_to 25, :msg_id 25, :type "echo_ok"}
2023-04-04 23:07:37,594{GMT}	INFO	[jepsen worker 0] jepsen.util: 0	:invoke	:echo	"Please echo 4"
2023-04-04 23:07:37,596{GMT}	INFO	[jepsen worker 0] jepsen.util: 0	:ok	:echo	{:echo "Please echo 4", :in_reply_to 26, :msg_id 26, :type "echo_ok"}
2023-04-04 23:07:37,741{GMT}	INFO	[jepsen worker 0] jepsen.util: 0	:invoke	:echo	"Please echo 17"
2023-04-04 23:07:37,761{GMT}	INFO	[jepsen worker 0] jepsen.util: 0	:ok	:echo	{:echo "Please echo 17", :in_reply_to 27, :msg_id 27, :type "echo_ok"}
2023-04-04 23:07:37,951{GMT}	INFO	[jepsen worker 0] jepsen.util: 0	:invoke	:echo	"Please echo 87"
2023-04-04 23:07:37,953{GMT}	INFO	[jepsen worker 0] jepsen.util: 0	:ok	:echo	{:echo "Please echo 87", :in_reply_to 28, :msg_id 28, :type "echo_ok"}
2023-04-04 23:07:38,271{GMT}	INFO	[jepsen worker 0] jepsen.util: 0	:invoke	:echo	"Please echo 80"
2023-04-04 23:07:38,273{GMT}	INFO	[jepsen worker 0] jepsen.util: 0	:ok	:echo	{:echo "Please echo 80", :in_reply_to 29, :msg_id 29, :type "echo_ok"}
2023-04-04 23:07:38,444{GMT}	INFO	[jepsen worker 0] jepsen.util: 0	:invoke	:echo	"Please echo 24"
2023-04-04 23:07:38,446{GMT}	INFO	[jepsen worker 0] jepsen.util: 0	:ok	:echo	{:echo "Please echo 24", :in_reply_to 30, :msg_id 30, :type "echo_ok"}
2023-04-04 23:07:38,820{GMT}	INFO	[jepsen worker 0] jepsen.util: 0	:invoke	:echo	"Please echo 71"
2023-04-04 23:07:38,822{GMT}	INFO	[jepsen worker 0] jepsen.util: 0	:ok	:echo	{:echo "Please echo 71", :in_reply_to 31, :msg_id 31, :type "echo_ok"}
2023-04-04 23:07:39,059{GMT}	INFO	[jepsen worker 0] jepsen.util: 0	:invoke	:echo	"Please echo 114"
2023-04-04 23:07:39,061{GMT}	INFO	[jepsen worker 0] jepsen.util: 0	:ok	:echo	{:echo "Please echo 114", :in_reply_to 32, :msg_id 32, :type "echo_ok"}
2023-04-04 23:07:39,393{GMT}	INFO	[jepsen worker 0] jepsen.util: 0	:invoke	:echo	"Please echo 10"
2023-04-04 23:07:39,395{GMT}	INFO	[jepsen worker 0] jepsen.util: 0	:ok	:echo	{:echo "Please echo 10", :in_reply_to 33, :msg_id 33, :type "echo_ok"}
2023-04-04 23:07:39,722{GMT}	INFO	[jepsen worker 0] jepsen.util: 0	:invoke	:echo	"Please echo 113"
2023-04-04 23:07:39,723{GMT}	INFO	[jepsen worker 0] jepsen.util: 0	:ok	:echo	{:echo "Please echo 113", :in_reply_to 34, :msg_id 34, :type "echo_ok"}
2023-04-04 23:07:39,985{GMT}	INFO	[jepsen worker 0] jepsen.util: 0	:invoke	:echo	"Please echo 95"
2023-04-04 23:07:39,987{GMT}	INFO	[jepsen worker 0] jepsen.util: 0	:ok	:echo	{:echo "Please echo 95", :in_reply_to 35, :msg_id 35, :type "echo_ok"}
2023-04-04 23:07:40,163{GMT}	INFO	[jepsen worker 0] jepsen.util: 0	:invoke	:echo	"Please echo 18"
2023-04-04 23:07:40,165{GMT}	INFO	[jepsen worker 0] jepsen.util: 0	:ok	:echo	{:echo "Please echo 18", :in_reply_to 36, :msg_id 36, :type "echo_ok"}
2023-04-04 23:07:40,495{GMT}	INFO	[jepsen worker 0] jepsen.util: 0	:invoke	:echo	"Please echo 4"
2023-04-04 23:07:40,497{GMT}	INFO	[jepsen worker 0] jepsen.util: 0	:ok	:echo	{:echo "Please echo 4", :in_reply_to 37, :msg_id 37, :type "echo_ok"}
2023-04-04 23:07:40,498{GMT}	INFO	[jepsen worker 0] jepsen.util: 0	:invoke	:echo	"Please echo 30"
2023-04-04 23:07:40,499{GMT}	INFO	[jepsen worker 0] jepsen.util: 0	:ok	:echo	{:echo "Please echo 30", :in_reply_to 38, :msg_id 38, :type "echo_ok"}
2023-04-04 23:07:40,898{GMT}	INFO	[jepsen worker 0] jepsen.util: 0	:invoke	:echo	"Please echo 31"
2023-04-04 23:07:40,900{GMT}	INFO	[jepsen worker 0] jepsen.util: 0	:ok	:echo	{:echo "Please echo 31", :in_reply_to 39, :msg_id 39, :type "echo_ok"}
2023-04-04 23:07:40,964{GMT}	INFO	[jepsen worker 0] jepsen.util: 0	:invoke	:echo	"Please echo 122"
2023-04-04 23:07:40,965{GMT}	INFO	[jepsen worker 0] jepsen.util: 0	:ok	:echo	{:echo "Please echo 122", :in_reply_to 40, :msg_id 40, :type "echo_ok"}
2023-04-04 23:07:41,187{GMT}	INFO	[jepsen worker 0] jepsen.util: 0	:invoke	:echo	"Please echo 73"
2023-04-04 23:07:41,189{GMT}	INFO	[jepsen worker 0] jepsen.util: 0	:ok	:echo	{:echo "Please echo 73", :in_reply_to 41, :msg_id 41, :type "echo_ok"}
2023-04-04 23:07:41,560{GMT}	INFO	[jepsen worker 0] jepsen.util: 0	:invoke	:echo	"Please echo 121"
2023-04-04 23:07:41,562{GMT}	INFO	[jepsen worker 0] jepsen.util: 0	:ok	:echo	{:echo "Please echo 121", :in_reply_to 42, :msg_id 42, :type "echo_ok"}
2023-04-04 23:07:41,720{GMT}	INFO	[jepsen worker 0] jepsen.util: 0	:invoke	:echo	"Please echo 115"
2023-04-04 23:07:41,722{GMT}	INFO	[jepsen worker 0] jepsen.util: 0	:ok	:echo	{:echo "Please echo 115", :in_reply_to 43, :msg_id 43, :type "echo_ok"}
2023-04-04 23:07:42,114{GMT}	INFO	[jepsen worker 0] jepsen.util: 0	:invoke	:echo	"Please echo 57"
2023-04-04 23:07:42,116{GMT}	INFO	[jepsen worker 0] jepsen.util: 0	:ok	:echo	{:echo "Please echo 57", :in_reply_to 44, :msg_id 44, :type "echo_ok"}
2023-04-04 23:07:42,143{GMT}	INFO	[jepsen worker 0] jepsen.util: 0	:invoke	:echo	"Please echo 102"
2023-04-04 23:07:42,144{GMT}	INFO	[jepsen worker 0] jepsen.util: 0	:ok	:echo	{:echo "Please echo 102", :in_reply_to 45, :msg_id 45, :type "echo_ok"}
2023-04-04 23:07:42,172{GMT}	INFO	[jepsen worker 0] jepsen.util: 0	:invoke	:echo	"Please echo 8"
2023-04-04 23:07:42,173{GMT}	INFO	[jepsen worker 0] jepsen.util: 0	:ok	:echo	{:echo "Please echo 8", :in_reply_to 46, :msg_id 46, :type "echo_ok"}
2023-04-04 23:07:42,203{GMT}	INFO	[jepsen test runner] jepsen.core: Run complete, writing
2023-04-04 23:07:42,247{GMT}	INFO	[jepsen node n0] maelstrom.db: Tearing down n0
2023-04-04 23:07:44,071{GMT}	INFO	[jepsen node n0] maelstrom.net: Shutting down Maelstrom network
2023-04-04 23:07:44,072{GMT}	INFO	[jepsen test runner] jepsen.core: Analyzing...
2023-04-04 23:07:48,992{GMT}	INFO	[jepsen test runner] jepsen.core: Analysis complete
2023-04-04 23:07:49,013{GMT}	INFO	[jepsen results] jepsen.store: Wrote /Users/bubu/workspace/gossip-gloomers/store/echo/20230404T230730.128+0200/results.edn
2023-04-04 23:07:49,100{GMT}	INFO	[jepsen test runner] jepsen.core: {:perf {:latency-graph {:valid? true},
        :rate-graph {:valid? true},
        :valid? true},
 :timeline {:valid? true},
 :exceptions {:valid? true},
 :stats {:valid? true,
         :count 46,
         :ok-count 46,
         :fail-count 0,
         :info-count 0,
         :by-f {:echo {:valid? true,
                       :count 46,
                       :ok-count 46,
                       :fail-count 0,
                       :info-count 0}}},
 :availability {:valid? true, :ok-fraction 1.0},
 :net {:all {:send-count 94,
             :recv-count 94,
             :msg-count 94,
             :msgs-per-op 2.0434783},
       :clients {:send-count 94, :recv-count 94, :msg-count 94},
       :servers {:send-count 0,
                 :recv-count 0,
                 :msg-count 0,
                 :msgs-per-op 0.0},
       :valid? true},
 :workload {:valid? true, :errors ()},
 :valid? true}


Everything looks good! ヽ(‘ー`)ノ
