2023-04-05 07:50:22,480{GMT}	INFO	[jepsen test runner] jepsen.core: Command line:
lein run test -w echo --bin ././1_echo/./1_echo --node-count 1 --time-limit 10
2023-04-05 07:50:22,532{GMT}	INFO	[jepsen test runner] jepsen.core: Running test:
{:args []
 :remote
 #jepsen.control.retry.Remote{:remote #jepsen.control.scp.Remote{:cmd-remote #jepsen.control.sshj.SSHJRemote{:concurrency-limit 6,
                                                                                                             :conn-spec nil,
                                                                                                             :client nil,
                                                                                                             :semaphore nil},
                                                                 :conn-spec nil},
                              :conn nil}
 :log-net-send false
 :node-count 1
 :availability nil
 :max-txn-length 4
 :concurrency 1
 :db
 #object[maelstrom.db$db$reify__16142
         "0x17734113"
         "maelstrom.db$db$reify__16142@17734113"]
 :max-writes-per-key 16
 :leave-db-running? false
 :name "echo"
 :logging-json? false
 :start-time
 #object[org.joda.time.DateTime "0x7d3a9061" "2023-04-05T07:50:22.450+02:00"]
 :nemesis-interval 10
 :net
 #object[maelstrom.net$jepsen_net$reify__15251
         "0x2a2f7a61"
         "maelstrom.net$jepsen_net$reify__15251@2a2f7a61"]
 :client
 #object[maelstrom.workload.echo$client$reify__16863
         "0x8d40f07"
         "maelstrom.workload.echo$client$reify__16863@8d40f07"]
 :barrier
 #object[java.util.concurrent.CyclicBarrier
         "0x196c8b93"
         "java.util.concurrent.CyclicBarrier@196c8b93"]
 :log-stderr false
 :pure-generators true
 :ssh {:dummy? true}
 :rate 5
 :checker
 #object[jepsen.checker$compose$reify__11881
         "0x307ca947"
         "jepsen.checker$compose$reify__11881@307ca947"]
 :argv
 ("test"
  "-w"
  "echo"
  "--bin"
  "././1_echo/./1_echo"
  "--node-count"
  "1"
  "--time-limit"
  "10")
 :nemesis
 (jepsen.nemesis.ReflCompose
  {:fm {:start-partition 0,
        :stop-partition 0,
        :kill 1,
        :start 1,
        :pause 1,
        :resume 1},
   :nemeses [#unprintable "jepsen.nemesis.combined$partition_nemesis$reify__16416@61d1315b"
             #unprintable "jepsen.nemesis.combined$db_nemesis$reify__16397@49d5b651"]})
 :nodes ["n0"]
 :test-count 1
 :latency {:mean 0, :dist :constant}
 :bin "././1_echo/./1_echo"
 :generator
 (jepsen.generator.TimeLimit
  {:limit 10000000000,
   :cutoff nil,
   :gen (jepsen.generator.Any
         {:gens [(jepsen.generator.OnThreads
                  {:f #{:nemesis},
                   :context-filter #object[jepsen.generator.context$make_thread_filter$lazy_filter__9167
                                           "0x4a03c4bc"
                                           "jepsen.generator.context$make_thread_filter$lazy_filter__9167@4a03c4bc"],
                   :gen nil})
                 (jepsen.generator.OnThreads
                  {:f #jepsen.generator.context.AllBut{:element :nemesis},
                   :context-filter #object[jepsen.generator.context$make_thread_filter$lazy_filter__9167
                                           "0x3d0c88f4"
                                           "jepsen.generator.context$make_thread_filter$lazy_filter__9167@3d0c88f4"],
                   :gen (jepsen.generator.Stagger
                         {:dt 400000000,
                          :next-time nil,
                          :gen (jepsen.generator.EachThread
                                {:fresh-gen #object[maelstrom.workload.echo$workload$fn__16882
                                                    "0x5aad4194"
                                                    "maelstrom.workload.echo$workload$fn__16882@5aad4194"],
                                 :context-filters #object[clojure.core$promise$reify__8591
                                                          "0x50a1c2f3"
                                                          {:status :pending,
                                                           :val nil}],
                                 :gens {}})})})]})})
 :log-net-recv false
 :os
 #object[maelstrom.net$jepsen_os$reify__15254
         "0x453ca7f"
         "maelstrom.net$jepsen_os$reify__15254@453ca7f"]
 :time-limit 10
 :workload :echo
 :consistency-models [:strict-serializable]
 :topology :grid}

2023-04-05 07:50:24,288{GMT}	INFO	[jepsen node n0] maelstrom.net: Starting Maelstrom network
2023-04-05 07:50:24,288{GMT}	INFO	[jepsen test runner] jepsen.db: Tearing down DB
2023-04-05 07:50:24,290{GMT}	INFO	[jepsen test runner] jepsen.db: Setting up DB
2023-04-05 07:50:24,293{GMT}	INFO	[jepsen node n0] maelstrom.service: Starting services: (lin-kv lin-tso lww-kv seq-kv)
2023-04-05 07:50:24,294{GMT}	INFO	[jepsen node n0] maelstrom.db: Setting up n0
2023-04-05 07:50:24,294{GMT}	INFO	[jepsen node n0] maelstrom.process: launching ././1_echo/./1_echo []
2023-04-05 07:50:24,568{GMT}	INFO	[jepsen test runner] jepsen.core: Relative time begins now
2023-04-05 07:50:24,580{GMT}	INFO	[jepsen worker 0] jepsen.util: 0	:invoke	:echo	"Please echo 117"
2023-04-05 07:50:24,586{GMT}	INFO	[jepsen worker 0] jepsen.util: 0	:ok	:echo	{:echo "Please echo 117", :in_reply_to 1, :msg_id 1, :type "echo_ok"}
2023-04-05 07:50:24,819{GMT}	INFO	[jepsen worker 0] jepsen.util: 0	:invoke	:echo	"Please echo 19"
2023-04-05 07:50:24,821{GMT}	INFO	[jepsen worker 0] jepsen.util: 0	:ok	:echo	{:echo "Please echo 19", :in_reply_to 2, :msg_id 2, :type "echo_ok"}
2023-04-05 07:50:25,188{GMT}	INFO	[jepsen worker 0] jepsen.util: 0	:invoke	:echo	"Please echo 40"
2023-04-05 07:50:25,191{GMT}	INFO	[jepsen worker 0] jepsen.util: 0	:ok	:echo	{:echo "Please echo 40", :in_reply_to 3, :msg_id 3, :type "echo_ok"}
2023-04-05 07:50:25,191{GMT}	INFO	[jepsen worker 0] jepsen.util: 0	:invoke	:echo	"Please echo 12"
2023-04-05 07:50:25,192{GMT}	INFO	[jepsen worker 0] jepsen.util: 0	:ok	:echo	{:echo "Please echo 12", :in_reply_to 4, :msg_id 4, :type "echo_ok"}
2023-04-05 07:50:25,267{GMT}	INFO	[jepsen worker 0] jepsen.util: 0	:invoke	:echo	"Please echo 25"
2023-04-05 07:50:25,268{GMT}	INFO	[jepsen worker 0] jepsen.util: 0	:ok	:echo	{:echo "Please echo 25", :in_reply_to 5, :msg_id 5, :type "echo_ok"}
2023-04-05 07:50:25,274{GMT}	INFO	[jepsen worker 0] jepsen.util: 0	:invoke	:echo	"Please echo 25"
2023-04-05 07:50:25,276{GMT}	INFO	[jepsen worker 0] jepsen.util: 0	:ok	:echo	{:echo "Please echo 25", :in_reply_to 6, :msg_id 6, :type "echo_ok"}
2023-04-05 07:50:25,637{GMT}	INFO	[jepsen worker 0] jepsen.util: 0	:invoke	:echo	"Please echo 80"
2023-04-05 07:50:25,641{GMT}	INFO	[jepsen worker 0] jepsen.util: 0	:ok	:echo	{:echo "Please echo 80", :in_reply_to 7, :msg_id 7, :type "echo_ok"}
2023-04-05 07:50:25,958{GMT}	INFO	[jepsen worker 0] jepsen.util: 0	:invoke	:echo	"Please echo 1"
2023-04-05 07:50:25,959{GMT}	INFO	[jepsen worker 0] jepsen.util: 0	:ok	:echo	{:echo "Please echo 1", :in_reply_to 8, :msg_id 8, :type "echo_ok"}
2023-04-05 07:50:26,204{GMT}	INFO	[jepsen worker 0] jepsen.util: 0	:invoke	:echo	"Please echo 115"
2023-04-05 07:50:26,206{GMT}	INFO	[jepsen worker 0] jepsen.util: 0	:ok	:echo	{:echo "Please echo 115", :in_reply_to 9, :msg_id 9, :type "echo_ok"}
2023-04-05 07:50:26,570{GMT}	INFO	[jepsen worker 0] jepsen.util: 0	:invoke	:echo	"Please echo 27"
2023-04-05 07:50:26,572{GMT}	INFO	[jepsen worker 0] jepsen.util: 0	:ok	:echo	{:echo "Please echo 27", :in_reply_to 10, :msg_id 10, :type "echo_ok"}
2023-04-05 07:50:26,645{GMT}	INFO	[jepsen worker 0] jepsen.util: 0	:invoke	:echo	"Please echo 58"
2023-04-05 07:50:26,646{GMT}	INFO	[jepsen worker 0] jepsen.util: 0	:ok	:echo	{:echo "Please echo 58", :in_reply_to 11, :msg_id 11, :type "echo_ok"}
2023-04-05 07:50:26,868{GMT}	INFO	[jepsen worker 0] jepsen.util: 0	:invoke	:echo	"Please echo 59"
2023-04-05 07:50:26,870{GMT}	INFO	[jepsen worker 0] jepsen.util: 0	:ok	:echo	{:echo "Please echo 59", :in_reply_to 12, :msg_id 12, :type "echo_ok"}
2023-04-05 07:50:26,977{GMT}	INFO	[jepsen worker 0] jepsen.util: 0	:invoke	:echo	"Please echo 119"
2023-04-05 07:50:26,978{GMT}	INFO	[jepsen worker 0] jepsen.util: 0	:ok	:echo	{:echo "Please echo 119", :in_reply_to 13, :msg_id 13, :type "echo_ok"}
2023-04-05 07:50:27,211{GMT}	INFO	[jepsen worker 0] jepsen.util: 0	:invoke	:echo	"Please echo 126"
2023-04-05 07:50:27,213{GMT}	INFO	[jepsen worker 0] jepsen.util: 0	:ok	:echo	{:echo "Please echo 126", :in_reply_to 14, :msg_id 14, :type "echo_ok"}
2023-04-05 07:50:27,470{GMT}	INFO	[jepsen worker 0] jepsen.util: 0	:invoke	:echo	"Please echo 3"
2023-04-05 07:50:27,472{GMT}	INFO	[jepsen worker 0] jepsen.util: 0	:ok	:echo	{:echo "Please echo 3", :in_reply_to 15, :msg_id 15, :type "echo_ok"}
2023-04-05 07:50:27,720{GMT}	INFO	[jepsen worker 0] jepsen.util: 0	:invoke	:echo	"Please echo 39"
2023-04-05 07:50:27,722{GMT}	INFO	[jepsen worker 0] jepsen.util: 0	:ok	:echo	{:echo "Please echo 39", :in_reply_to 16, :msg_id 16, :type "echo_ok"}
2023-04-05 07:50:28,052{GMT}	INFO	[jepsen worker 0] jepsen.util: 0	:invoke	:echo	"Please echo 83"
2023-04-05 07:50:28,054{GMT}	INFO	[jepsen worker 0] jepsen.util: 0	:ok	:echo	{:echo "Please echo 83", :in_reply_to 17, :msg_id 17, :type "echo_ok"}
2023-04-05 07:50:28,325{GMT}	INFO	[jepsen worker 0] jepsen.util: 0	:invoke	:echo	"Please echo 108"
2023-04-05 07:50:28,326{GMT}	INFO	[jepsen worker 0] jepsen.util: 0	:ok	:echo	{:echo "Please echo 108", :in_reply_to 18, :msg_id 18, :type "echo_ok"}
2023-04-05 07:50:28,427{GMT}	INFO	[jepsen worker 0] jepsen.util: 0	:invoke	:echo	"Please echo 89"
2023-04-05 07:50:28,428{GMT}	INFO	[jepsen worker 0] jepsen.util: 0	:ok	:echo	{:echo "Please echo 89", :in_reply_to 19, :msg_id 19, :type "echo_ok"}
2023-04-05 07:50:28,693{GMT}	INFO	[jepsen worker 0] jepsen.util: 0	:invoke	:echo	"Please echo 118"
2023-04-05 07:50:28,696{GMT}	INFO	[jepsen worker 0] jepsen.util: 0	:ok	:echo	{:echo "Please echo 118", :in_reply_to 20, :msg_id 20, :type "echo_ok"}
2023-04-05 07:50:28,845{GMT}	INFO	[jepsen worker 0] jepsen.util: 0	:invoke	:echo	"Please echo 93"
2023-04-05 07:50:28,848{GMT}	INFO	[jepsen worker 0] jepsen.util: 0	:ok	:echo	{:echo "Please echo 93", :in_reply_to 21, :msg_id 21, :type "echo_ok"}
2023-04-05 07:50:28,934{GMT}	INFO	[jepsen worker 0] jepsen.util: 0	:invoke	:echo	"Please echo 20"
2023-04-05 07:50:28,977{GMT}	INFO	[jepsen worker 0] jepsen.util: 0	:ok	:echo	{:echo "Please echo 20", :in_reply_to 22, :msg_id 22, :type "echo_ok"}
2023-04-05 07:50:29,158{GMT}	INFO	[jepsen worker 0] jepsen.util: 0	:invoke	:echo	"Please echo 80"
2023-04-05 07:50:29,176{GMT}	INFO	[jepsen worker 0] jepsen.util: 0	:ok	:echo	{:echo "Please echo 80", :in_reply_to 23, :msg_id 23, :type "echo_ok"}
2023-04-05 07:50:29,466{GMT}	INFO	[jepsen worker 0] jepsen.util: 0	:invoke	:echo	"Please echo 58"
2023-04-05 07:50:29,480{GMT}	INFO	[jepsen worker 0] jepsen.util: 0	:ok	:echo	{:echo "Please echo 58", :in_reply_to 24, :msg_id 24, :type "echo_ok"}
2023-04-05 07:50:29,856{GMT}	INFO	[jepsen worker 0] jepsen.util: 0	:invoke	:echo	"Please echo 47"
2023-04-05 07:50:29,858{GMT}	INFO	[jepsen worker 0] jepsen.util: 0	:ok	:echo	{:echo "Please echo 47", :in_reply_to 25, :msg_id 25, :type "echo_ok"}
2023-04-05 07:50:30,121{GMT}	INFO	[jepsen worker 0] jepsen.util: 0	:invoke	:echo	"Please echo 48"
2023-04-05 07:50:30,123{GMT}	INFO	[jepsen worker 0] jepsen.util: 0	:ok	:echo	{:echo "Please echo 48", :in_reply_to 26, :msg_id 26, :type "echo_ok"}
2023-04-05 07:50:30,139{GMT}	INFO	[jepsen worker 0] jepsen.util: 0	:invoke	:echo	"Please echo 73"
2023-04-05 07:50:30,140{GMT}	INFO	[jepsen worker 0] jepsen.util: 0	:ok	:echo	{:echo "Please echo 73", :in_reply_to 27, :msg_id 27, :type "echo_ok"}
2023-04-05 07:50:30,206{GMT}	INFO	[jepsen worker 0] jepsen.util: 0	:invoke	:echo	"Please echo 94"
2023-04-05 07:50:30,208{GMT}	INFO	[jepsen worker 0] jepsen.util: 0	:ok	:echo	{:echo "Please echo 94", :in_reply_to 28, :msg_id 28, :type "echo_ok"}
2023-04-05 07:50:30,340{GMT}	INFO	[jepsen worker 0] jepsen.util: 0	:invoke	:echo	"Please echo 109"
2023-04-05 07:50:30,342{GMT}	INFO	[jepsen worker 0] jepsen.util: 0	:ok	:echo	{:echo "Please echo 109", :in_reply_to 29, :msg_id 29, :type "echo_ok"}
2023-04-05 07:50:30,552{GMT}	INFO	[jepsen worker 0] jepsen.util: 0	:invoke	:echo	"Please echo 0"
2023-04-05 07:50:30,553{GMT}	INFO	[jepsen worker 0] jepsen.util: 0	:ok	:echo	{:echo "Please echo 0", :in_reply_to 30, :msg_id 30, :type "echo_ok"}
2023-04-05 07:50:30,910{GMT}	INFO	[jepsen worker 0] jepsen.util: 0	:invoke	:echo	"Please echo 125"
2023-04-05 07:50:30,912{GMT}	INFO	[jepsen worker 0] jepsen.util: 0	:ok	:echo	{:echo "Please echo 125", :in_reply_to 31, :msg_id 31, :type "echo_ok"}
2023-04-05 07:50:31,031{GMT}	INFO	[jepsen worker 0] jepsen.util: 0	:invoke	:echo	"Please echo 76"
2023-04-05 07:50:31,032{GMT}	INFO	[jepsen worker 0] jepsen.util: 0	:ok	:echo	{:echo "Please echo 76", :in_reply_to 32, :msg_id 32, :type "echo_ok"}
2023-04-05 07:50:31,326{GMT}	INFO	[jepsen worker 0] jepsen.util: 0	:invoke	:echo	"Please echo 91"
2023-04-05 07:50:31,328{GMT}	INFO	[jepsen worker 0] jepsen.util: 0	:ok	:echo	{:echo "Please echo 91", :in_reply_to 33, :msg_id 33, :type "echo_ok"}
2023-04-05 07:50:31,630{GMT}	INFO	[jepsen worker 0] jepsen.util: 0	:invoke	:echo	"Please echo 82"
2023-04-05 07:50:31,632{GMT}	INFO	[jepsen worker 0] jepsen.util: 0	:ok	:echo	{:echo "Please echo 82", :in_reply_to 34, :msg_id 34, :type "echo_ok"}
2023-04-05 07:50:31,768{GMT}	INFO	[jepsen worker 0] jepsen.util: 0	:invoke	:echo	"Please echo 55"
2023-04-05 07:50:31,770{GMT}	INFO	[jepsen worker 0] jepsen.util: 0	:ok	:echo	{:echo "Please echo 55", :in_reply_to 35, :msg_id 35, :type "echo_ok"}
2023-04-05 07:50:32,071{GMT}	INFO	[jepsen worker 0] jepsen.util: 0	:invoke	:echo	"Please echo 29"
2023-04-05 07:50:32,072{GMT}	INFO	[jepsen worker 0] jepsen.util: 0	:ok	:echo	{:echo "Please echo 29", :in_reply_to 36, :msg_id 36, :type "echo_ok"}
2023-04-05 07:50:32,344{GMT}	INFO	[jepsen worker 0] jepsen.util: 0	:invoke	:echo	"Please echo 28"
2023-04-05 07:50:32,346{GMT}	INFO	[jepsen worker 0] jepsen.util: 0	:ok	:echo	{:echo "Please echo 28", :in_reply_to 37, :msg_id 37, :type "echo_ok"}
2023-04-05 07:50:32,695{GMT}	INFO	[jepsen worker 0] jepsen.util: 0	:invoke	:echo	"Please echo 64"
2023-04-05 07:50:32,696{GMT}	INFO	[jepsen worker 0] jepsen.util: 0	:ok	:echo	{:echo "Please echo 64", :in_reply_to 38, :msg_id 38, :type "echo_ok"}
2023-04-05 07:50:32,782{GMT}	INFO	[jepsen worker 0] jepsen.util: 0	:invoke	:echo	"Please echo 73"
2023-04-05 07:50:32,783{GMT}	INFO	[jepsen worker 0] jepsen.util: 0	:ok	:echo	{:echo "Please echo 73", :in_reply_to 39, :msg_id 39, :type "echo_ok"}
2023-04-05 07:50:33,181{GMT}	INFO	[jepsen worker 0] jepsen.util: 0	:invoke	:echo	"Please echo 96"
2023-04-05 07:50:33,182{GMT}	INFO	[jepsen worker 0] jepsen.util: 0	:ok	:echo	{:echo "Please echo 96", :in_reply_to 40, :msg_id 40, :type "echo_ok"}
2023-04-05 07:50:33,537{GMT}	INFO	[jepsen worker 0] jepsen.util: 0	:invoke	:echo	"Please echo 118"
2023-04-05 07:50:33,539{GMT}	INFO	[jepsen worker 0] jepsen.util: 0	:ok	:echo	{:echo "Please echo 118", :in_reply_to 41, :msg_id 41, :type "echo_ok"}
2023-04-05 07:50:33,888{GMT}	INFO	[jepsen worker 0] jepsen.util: 0	:invoke	:echo	"Please echo 15"
2023-04-05 07:50:33,890{GMT}	INFO	[jepsen worker 0] jepsen.util: 0	:ok	:echo	{:echo "Please echo 15", :in_reply_to 42, :msg_id 42, :type "echo_ok"}
2023-04-05 07:50:33,941{GMT}	INFO	[jepsen worker 0] jepsen.util: 0	:invoke	:echo	"Please echo 17"
2023-04-05 07:50:33,944{GMT}	INFO	[jepsen worker 0] jepsen.util: 0	:ok	:echo	{:echo "Please echo 17", :in_reply_to 43, :msg_id 43, :type "echo_ok"}
2023-04-05 07:50:34,281{GMT}	INFO	[jepsen worker 0] jepsen.util: 0	:invoke	:echo	"Please echo 39"
2023-04-05 07:50:34,282{GMT}	INFO	[jepsen worker 0] jepsen.util: 0	:ok	:echo	{:echo "Please echo 39", :in_reply_to 44, :msg_id 44, :type "echo_ok"}
2023-04-05 07:50:34,449{GMT}	INFO	[jepsen worker 0] jepsen.util: 0	:invoke	:echo	"Please echo 72"
2023-04-05 07:50:34,450{GMT}	INFO	[jepsen worker 0] jepsen.util: 0	:ok	:echo	{:echo "Please echo 72", :in_reply_to 45, :msg_id 45, :type "echo_ok"}
2023-04-05 07:50:34,487{GMT}	INFO	[jepsen test runner] jepsen.core: Run complete, writing
2023-04-05 07:50:34,532{GMT}	INFO	[jepsen node n0] maelstrom.db: Tearing down n0
2023-04-05 07:50:36,327{GMT}	INFO	[jepsen node n0] maelstrom.net: Shutting down Maelstrom network
2023-04-05 07:50:36,328{GMT}	INFO	[jepsen test runner] jepsen.core: Analyzing...
2023-04-05 07:50:36,728{GMT}	INFO	[jepsen test runner] jepsen.core: Analysis complete
2023-04-05 07:50:36,749{GMT}	INFO	[jepsen results] jepsen.store: Wrote /Users/bubu/workspace/gossip-glomers/store/echo/20230405T075022.450+0200/results.edn
2023-04-05 07:50:36,857{GMT}	INFO	[jepsen test runner] jepsen.core: {:perf {:latency-graph {:valid? true},
        :rate-graph {:valid? true},
        :valid? true},
 :timeline {:valid? true},
 :exceptions {:valid? true},
 :stats {:valid? true,
         :count 45,
         :ok-count 45,
         :fail-count 0,
         :info-count 0,
         :by-f {:echo {:valid? true,
                       :count 45,
                       :ok-count 45,
                       :fail-count 0,
                       :info-count 0}}},
 :availability {:valid? true, :ok-fraction 1.0},
 :net {:all {:send-count 92,
             :recv-count 92,
             :msg-count 92,
             :msgs-per-op 2.0444446},
       :clients {:send-count 92, :recv-count 92, :msg-count 92},
       :servers {:send-count 0,
                 :recv-count 0,
                 :msg-count 0,
                 :msgs-per-op 0.0},
       :valid? true},
 :workload {:valid? true, :errors ()},
 :valid? true}


Everything looks good! ヽ(‘ー`)ノ
