2023-04-05 07:47:18,282{GMT}	INFO	[jepsen test runner] jepsen.core: Command line:
lein run test -w echo --bin ././1_echo/./1_echo --node-count 1 --time-limit 10
2023-04-05 07:47:18,331{GMT}	INFO	[jepsen test runner] jepsen.core: Running test:
{:args []
 :remote
 #jepsen.control.retry.Remote{:remote #jepsen.control.scp.Remote{:cmd-remote #jepsen.control.sshj.SSHJRemote{:concurrency-limit 6,
                                                                                                             :conn-spec nil,
                                                                                                             :client nil,
                                                                                                             :semaphore nil},
                                                                 :conn-spec nil},
                              :conn nil}
 :log-net-send false
 :node-count 1
 :availability nil
 :max-txn-length 4
 :concurrency 1
 :db
 #object[maelstrom.db$db$reify__16142
         "0x17734113"
         "maelstrom.db$db$reify__16142@17734113"]
 :max-writes-per-key 16
 :leave-db-running? false
 :name "echo"
 :logging-json? false
 :start-time
 #object[org.joda.time.DateTime "0x7d3a9061" "2023-04-05T07:47:18.256+02:00"]
 :nemesis-interval 10
 :net
 #object[maelstrom.net$jepsen_net$reify__15251
         "0x2a2f7a61"
         "maelstrom.net$jepsen_net$reify__15251@2a2f7a61"]
 :client
 #object[maelstrom.workload.echo$client$reify__16863
         "0x8d40f07"
         "maelstrom.workload.echo$client$reify__16863@8d40f07"]
 :barrier
 #object[java.util.concurrent.CyclicBarrier
         "0x196c8b93"
         "java.util.concurrent.CyclicBarrier@196c8b93"]
 :log-stderr false
 :pure-generators true
 :ssh {:dummy? true}
 :rate 5
 :checker
 #object[jepsen.checker$compose$reify__11881
         "0x307ca947"
         "jepsen.checker$compose$reify__11881@307ca947"]
 :argv
 ("test"
  "-w"
  "echo"
  "--bin"
  "././1_echo/./1_echo"
  "--node-count"
  "1"
  "--time-limit"
  "10")
 :nemesis
 (jepsen.nemesis.ReflCompose
  {:fm {:start-partition 0,
        :stop-partition 0,
        :kill 1,
        :start 1,
        :pause 1,
        :resume 1},
   :nemeses [#unprintable "jepsen.nemesis.combined$partition_nemesis$reify__16416@61d1315b"
             #unprintable "jepsen.nemesis.combined$db_nemesis$reify__16397@49d5b651"]})
 :nodes ["n0"]
 :test-count 1
 :latency {:mean 0, :dist :constant}
 :bin "././1_echo/./1_echo"
 :generator
 (jepsen.generator.TimeLimit
  {:limit 10000000000,
   :cutoff nil,
   :gen (jepsen.generator.Any
         {:gens [(jepsen.generator.OnThreads
                  {:f #{:nemesis},
                   :context-filter #object[jepsen.generator.context$make_thread_filter$lazy_filter__9167
                                           "0x4a03c4bc"
                                           "jepsen.generator.context$make_thread_filter$lazy_filter__9167@4a03c4bc"],
                   :gen nil})
                 (jepsen.generator.OnThreads
                  {:f #jepsen.generator.context.AllBut{:element :nemesis},
                   :context-filter #object[jepsen.generator.context$make_thread_filter$lazy_filter__9167
                                           "0x3d0c88f4"
                                           "jepsen.generator.context$make_thread_filter$lazy_filter__9167@3d0c88f4"],
                   :gen (jepsen.generator.Stagger
                         {:dt 400000000,
                          :next-time nil,
                          :gen (jepsen.generator.EachThread
                                {:fresh-gen #object[maelstrom.workload.echo$workload$fn__16882
                                                    "0x5aad4194"
                                                    "maelstrom.workload.echo$workload$fn__16882@5aad4194"],
                                 :context-filters #object[clojure.core$promise$reify__8591
                                                          "0x50a1c2f3"
                                                          {:status :pending,
                                                           :val nil}],
                                 :gens {}})})})]})})
 :log-net-recv false
 :os
 #object[maelstrom.net$jepsen_os$reify__15254
         "0x453ca7f"
         "maelstrom.net$jepsen_os$reify__15254@453ca7f"]
 :time-limit 10
 :workload :echo
 :consistency-models [:strict-serializable]
 :topology :grid}

2023-04-05 07:47:20,088{GMT}	INFO	[jepsen node n0] maelstrom.net: Starting Maelstrom network
2023-04-05 07:47:20,089{GMT}	INFO	[jepsen test runner] jepsen.db: Tearing down DB
2023-04-05 07:47:20,090{GMT}	INFO	[jepsen test runner] jepsen.db: Setting up DB
2023-04-05 07:47:20,093{GMT}	INFO	[jepsen node n0] maelstrom.service: Starting services: (lin-kv lin-tso lww-kv seq-kv)
2023-04-05 07:47:20,094{GMT}	INFO	[jepsen node n0] maelstrom.db: Setting up n0
2023-04-05 07:47:20,094{GMT}	INFO	[jepsen node n0] maelstrom.process: launching ././1_echo/./1_echo []
2023-04-05 07:47:20,402{GMT}	INFO	[jepsen test runner] jepsen.core: Relative time begins now
2023-04-05 07:47:20,417{GMT}	INFO	[jepsen worker 0] jepsen.util: 0	:invoke	:echo	"Please echo 25"
2023-04-05 07:47:20,422{GMT}	INFO	[jepsen worker 0] jepsen.util: 0	:ok	:echo	{:echo "Please echo 25", :in_reply_to 1, :msg_id 1, :type "echo_ok"}
2023-04-05 07:47:20,673{GMT}	INFO	[jepsen worker 0] jepsen.util: 0	:invoke	:echo	"Please echo 117"
2023-04-05 07:47:20,675{GMT}	INFO	[jepsen worker 0] jepsen.util: 0	:ok	:echo	{:echo "Please echo 117", :in_reply_to 2, :msg_id 2, :type "echo_ok"}
2023-04-05 07:47:20,930{GMT}	INFO	[jepsen worker 0] jepsen.util: 0	:invoke	:echo	"Please echo 36"
2023-04-05 07:47:20,932{GMT}	INFO	[jepsen worker 0] jepsen.util: 0	:ok	:echo	{:echo "Please echo 36", :in_reply_to 3, :msg_id 3, :type "echo_ok"}
2023-04-05 07:47:20,993{GMT}	INFO	[jepsen worker 0] jepsen.util: 0	:invoke	:echo	"Please echo 85"
2023-04-05 07:47:20,995{GMT}	INFO	[jepsen worker 0] jepsen.util: 0	:ok	:echo	{:echo "Please echo 85", :in_reply_to 4, :msg_id 4, :type "echo_ok"}
2023-04-05 07:47:21,227{GMT}	INFO	[jepsen worker 0] jepsen.util: 0	:invoke	:echo	"Please echo 46"
2023-04-05 07:47:21,228{GMT}	INFO	[jepsen worker 0] jepsen.util: 0	:ok	:echo	{:echo "Please echo 46", :in_reply_to 5, :msg_id 5, :type "echo_ok"}
2023-04-05 07:47:21,624{GMT}	INFO	[jepsen worker 0] jepsen.util: 0	:invoke	:echo	"Please echo 8"
2023-04-05 07:47:21,626{GMT}	INFO	[jepsen worker 0] jepsen.util: 0	:ok	:echo	{:echo "Please echo 8", :in_reply_to 6, :msg_id 6, :type "echo_ok"}
2023-04-05 07:47:21,653{GMT}	INFO	[jepsen worker 0] jepsen.util: 0	:invoke	:echo	"Please echo 68"
2023-04-05 07:47:21,654{GMT}	INFO	[jepsen worker 0] jepsen.util: 0	:ok	:echo	{:echo "Please echo 68", :in_reply_to 7, :msg_id 7, :type "echo_ok"}
2023-04-05 07:47:21,693{GMT}	INFO	[jepsen worker 0] jepsen.util: 0	:invoke	:echo	"Please echo 107"
2023-04-05 07:47:21,694{GMT}	INFO	[jepsen worker 0] jepsen.util: 0	:ok	:echo	{:echo "Please echo 107", :in_reply_to 8, :msg_id 8, :type "echo_ok"}
2023-04-05 07:47:21,990{GMT}	INFO	[jepsen worker 0] jepsen.util: 0	:invoke	:echo	"Please echo 66"
2023-04-05 07:47:21,993{GMT}	INFO	[jepsen worker 0] jepsen.util: 0	:ok	:echo	{:echo "Please echo 66", :in_reply_to 9, :msg_id 9, :type "echo_ok"}
2023-04-05 07:47:22,159{GMT}	INFO	[jepsen worker 0] jepsen.util: 0	:invoke	:echo	"Please echo 125"
2023-04-05 07:47:22,160{GMT}	INFO	[jepsen worker 0] jepsen.util: 0	:ok	:echo	{:echo "Please echo 125", :in_reply_to 10, :msg_id 10, :type "echo_ok"}
2023-04-05 07:47:22,248{GMT}	INFO	[jepsen worker 0] jepsen.util: 0	:invoke	:echo	"Please echo 63"
2023-04-05 07:47:22,251{GMT}	INFO	[jepsen worker 0] jepsen.util: 0	:ok	:echo	{:echo "Please echo 63", :in_reply_to 11, :msg_id 11, :type "echo_ok"}
2023-04-05 07:47:22,585{GMT}	INFO	[jepsen worker 0] jepsen.util: 0	:invoke	:echo	"Please echo 91"
2023-04-05 07:47:22,587{GMT}	INFO	[jepsen worker 0] jepsen.util: 0	:ok	:echo	{:echo "Please echo 91", :in_reply_to 12, :msg_id 12, :type "echo_ok"}
2023-04-05 07:47:22,727{GMT}	INFO	[jepsen worker 0] jepsen.util: 0	:invoke	:echo	"Please echo 86"
2023-04-05 07:47:22,729{GMT}	INFO	[jepsen worker 0] jepsen.util: 0	:ok	:echo	{:echo "Please echo 86", :in_reply_to 13, :msg_id 13, :type "echo_ok"}
2023-04-05 07:47:22,827{GMT}	INFO	[jepsen worker 0] jepsen.util: 0	:invoke	:echo	"Please echo 14"
2023-04-05 07:47:22,829{GMT}	INFO	[jepsen worker 0] jepsen.util: 0	:ok	:echo	{:echo "Please echo 14", :in_reply_to 14, :msg_id 14, :type "echo_ok"}
2023-04-05 07:47:23,191{GMT}	INFO	[jepsen worker 0] jepsen.util: 0	:invoke	:echo	"Please echo 89"
2023-04-05 07:47:23,192{GMT}	INFO	[jepsen worker 0] jepsen.util: 0	:ok	:echo	{:echo "Please echo 89", :in_reply_to 15, :msg_id 15, :type "echo_ok"}
2023-04-05 07:47:23,376{GMT}	INFO	[jepsen worker 0] jepsen.util: 0	:invoke	:echo	"Please echo 61"
2023-04-05 07:47:23,378{GMT}	INFO	[jepsen worker 0] jepsen.util: 0	:ok	:echo	{:echo "Please echo 61", :in_reply_to 16, :msg_id 16, :type "echo_ok"}
2023-04-05 07:47:23,633{GMT}	INFO	[jepsen worker 0] jepsen.util: 0	:invoke	:echo	"Please echo 64"
2023-04-05 07:47:23,634{GMT}	INFO	[jepsen worker 0] jepsen.util: 0	:ok	:echo	{:echo "Please echo 64", :in_reply_to 17, :msg_id 17, :type "echo_ok"}
2023-04-05 07:47:24,025{GMT}	INFO	[jepsen worker 0] jepsen.util: 0	:invoke	:echo	"Please echo 108"
2023-04-05 07:47:24,027{GMT}	INFO	[jepsen worker 0] jepsen.util: 0	:ok	:echo	{:echo "Please echo 108", :in_reply_to 18, :msg_id 18, :type "echo_ok"}
2023-04-05 07:47:24,402{GMT}	INFO	[jepsen worker 0] jepsen.util: 0	:invoke	:echo	"Please echo 6"
2023-04-05 07:47:24,404{GMT}	INFO	[jepsen worker 0] jepsen.util: 0	:ok	:echo	{:echo "Please echo 6", :in_reply_to 19, :msg_id 19, :type "echo_ok"}
2023-04-05 07:47:24,483{GMT}	INFO	[jepsen worker 0] jepsen.util: 0	:invoke	:echo	"Please echo 106"
2023-04-05 07:47:24,485{GMT}	INFO	[jepsen worker 0] jepsen.util: 0	:ok	:echo	{:echo "Please echo 106", :in_reply_to 20, :msg_id 20, :type "echo_ok"}
2023-04-05 07:47:24,769{GMT}	INFO	[jepsen worker 0] jepsen.util: 0	:invoke	:echo	"Please echo 25"
2023-04-05 07:47:24,771{GMT}	INFO	[jepsen worker 0] jepsen.util: 0	:ok	:echo	{:echo "Please echo 25", :in_reply_to 21, :msg_id 21, :type "echo_ok"}
2023-04-05 07:47:25,146{GMT}	INFO	[jepsen worker 0] jepsen.util: 0	:invoke	:echo	"Please echo 2"
2023-04-05 07:47:25,148{GMT}	INFO	[jepsen worker 0] jepsen.util: 0	:ok	:echo	{:echo "Please echo 2", :in_reply_to 22, :msg_id 22, :type "echo_ok"}
2023-04-05 07:47:25,523{GMT}	INFO	[jepsen worker 0] jepsen.util: 0	:invoke	:echo	"Please echo 19"
2023-04-05 07:47:25,525{GMT}	INFO	[jepsen worker 0] jepsen.util: 0	:ok	:echo	{:echo "Please echo 19", :in_reply_to 23, :msg_id 23, :type "echo_ok"}
2023-04-05 07:47:25,897{GMT}	INFO	[jepsen worker 0] jepsen.util: 0	:invoke	:echo	"Please echo 119"
2023-04-05 07:47:25,899{GMT}	INFO	[jepsen worker 0] jepsen.util: 0	:ok	:echo	{:echo "Please echo 119", :in_reply_to 24, :msg_id 24, :type "echo_ok"}
2023-04-05 07:47:26,164{GMT}	INFO	[jepsen worker 0] jepsen.util: 0	:invoke	:echo	"Please echo 47"
2023-04-05 07:47:26,166{GMT}	INFO	[jepsen worker 0] jepsen.util: 0	:ok	:echo	{:echo "Please echo 47", :in_reply_to 25, :msg_id 25, :type "echo_ok"}
2023-04-05 07:47:26,523{GMT}	INFO	[jepsen worker 0] jepsen.util: 0	:invoke	:echo	"Please echo 59"
2023-04-05 07:47:26,524{GMT}	INFO	[jepsen worker 0] jepsen.util: 0	:ok	:echo	{:echo "Please echo 59", :in_reply_to 26, :msg_id 26, :type "echo_ok"}
2023-04-05 07:47:26,534{GMT}	INFO	[jepsen worker 0] jepsen.util: 0	:invoke	:echo	"Please echo 53"
2023-04-05 07:47:26,535{GMT}	INFO	[jepsen worker 0] jepsen.util: 0	:ok	:echo	{:echo "Please echo 53", :in_reply_to 27, :msg_id 27, :type "echo_ok"}
2023-04-05 07:47:26,753{GMT}	INFO	[jepsen worker 0] jepsen.util: 0	:invoke	:echo	"Please echo 90"
2023-04-05 07:47:26,754{GMT}	INFO	[jepsen worker 0] jepsen.util: 0	:ok	:echo	{:echo "Please echo 90", :in_reply_to 28, :msg_id 28, :type "echo_ok"}
2023-04-05 07:47:27,061{GMT}	INFO	[jepsen worker 0] jepsen.util: 0	:invoke	:echo	"Please echo 115"
2023-04-05 07:47:27,063{GMT}	INFO	[jepsen worker 0] jepsen.util: 0	:ok	:echo	{:echo "Please echo 115", :in_reply_to 29, :msg_id 29, :type "echo_ok"}
2023-04-05 07:47:27,367{GMT}	INFO	[jepsen worker 0] jepsen.util: 0	:invoke	:echo	"Please echo 54"
2023-04-05 07:47:27,369{GMT}	INFO	[jepsen worker 0] jepsen.util: 0	:ok	:echo	{:echo "Please echo 54", :in_reply_to 30, :msg_id 30, :type "echo_ok"}
2023-04-05 07:47:27,408{GMT}	INFO	[jepsen worker 0] jepsen.util: 0	:invoke	:echo	"Please echo 113"
2023-04-05 07:47:27,410{GMT}	INFO	[jepsen worker 0] jepsen.util: 0	:ok	:echo	{:echo "Please echo 113", :in_reply_to 31, :msg_id 31, :type "echo_ok"}
2023-04-05 07:47:27,439{GMT}	INFO	[jepsen worker 0] jepsen.util: 0	:invoke	:echo	"Please echo 126"
2023-04-05 07:47:27,440{GMT}	INFO	[jepsen worker 0] jepsen.util: 0	:ok	:echo	{:echo "Please echo 126", :in_reply_to 32, :msg_id 32, :type "echo_ok"}
2023-04-05 07:47:27,721{GMT}	INFO	[jepsen worker 0] jepsen.util: 0	:invoke	:echo	"Please echo 41"
2023-04-05 07:47:27,722{GMT}	INFO	[jepsen worker 0] jepsen.util: 0	:ok	:echo	{:echo "Please echo 41", :in_reply_to 33, :msg_id 33, :type "echo_ok"}
2023-04-05 07:47:27,764{GMT}	INFO	[jepsen worker 0] jepsen.util: 0	:invoke	:echo	"Please echo 18"
2023-04-05 07:47:27,767{GMT}	INFO	[jepsen worker 0] jepsen.util: 0	:ok	:echo	{:echo "Please echo 18", :in_reply_to 34, :msg_id 34, :type "echo_ok"}
2023-04-05 07:47:27,840{GMT}	INFO	[jepsen worker 0] jepsen.util: 0	:invoke	:echo	"Please echo 66"
2023-04-05 07:47:27,842{GMT}	INFO	[jepsen worker 0] jepsen.util: 0	:ok	:echo	{:echo "Please echo 66", :in_reply_to 35, :msg_id 35, :type "echo_ok"}
2023-04-05 07:47:28,111{GMT}	INFO	[jepsen worker 0] jepsen.util: 0	:invoke	:echo	"Please echo 43"
2023-04-05 07:47:28,112{GMT}	INFO	[jepsen worker 0] jepsen.util: 0	:ok	:echo	{:echo "Please echo 43", :in_reply_to 36, :msg_id 36, :type "echo_ok"}
2023-04-05 07:47:28,371{GMT}	INFO	[jepsen worker 0] jepsen.util: 0	:invoke	:echo	"Please echo 34"
2023-04-05 07:47:28,372{GMT}	INFO	[jepsen worker 0] jepsen.util: 0	:ok	:echo	{:echo "Please echo 34", :in_reply_to 37, :msg_id 37, :type "echo_ok"}
2023-04-05 07:47:28,643{GMT}	INFO	[jepsen worker 0] jepsen.util: 0	:invoke	:echo	"Please echo 118"
2023-04-05 07:47:28,644{GMT}	INFO	[jepsen worker 0] jepsen.util: 0	:ok	:echo	{:echo "Please echo 118", :in_reply_to 38, :msg_id 38, :type "echo_ok"}
2023-04-05 07:47:28,761{GMT}	INFO	[jepsen worker 0] jepsen.util: 0	:invoke	:echo	"Please echo 59"
2023-04-05 07:47:28,762{GMT}	INFO	[jepsen worker 0] jepsen.util: 0	:ok	:echo	{:echo "Please echo 59", :in_reply_to 39, :msg_id 39, :type "echo_ok"}
2023-04-05 07:47:29,019{GMT}	INFO	[jepsen worker 0] jepsen.util: 0	:invoke	:echo	"Please echo 77"
2023-04-05 07:47:29,020{GMT}	INFO	[jepsen worker 0] jepsen.util: 0	:ok	:echo	{:echo "Please echo 77", :in_reply_to 40, :msg_id 40, :type "echo_ok"}
2023-04-05 07:47:29,153{GMT}	INFO	[jepsen worker 0] jepsen.util: 0	:invoke	:echo	"Please echo 99"
2023-04-05 07:47:29,154{GMT}	INFO	[jepsen worker 0] jepsen.util: 0	:ok	:echo	{:echo "Please echo 99", :in_reply_to 41, :msg_id 41, :type "echo_ok"}
2023-04-05 07:47:29,406{GMT}	INFO	[jepsen worker 0] jepsen.util: 0	:invoke	:echo	"Please echo 63"
2023-04-05 07:47:29,407{GMT}	INFO	[jepsen worker 0] jepsen.util: 0	:ok	:echo	{:echo "Please echo 63", :in_reply_to 42, :msg_id 42, :type "echo_ok"}
2023-04-05 07:47:29,630{GMT}	INFO	[jepsen worker 0] jepsen.util: 0	:invoke	:echo	"Please echo 74"
2023-04-05 07:47:29,631{GMT}	INFO	[jepsen worker 0] jepsen.util: 0	:ok	:echo	{:echo "Please echo 74", :in_reply_to 43, :msg_id 43, :type "echo_ok"}
2023-04-05 07:47:29,797{GMT}	INFO	[jepsen worker 0] jepsen.util: 0	:invoke	:echo	"Please echo 65"
2023-04-05 07:47:29,798{GMT}	INFO	[jepsen worker 0] jepsen.util: 0	:ok	:echo	{:echo "Please echo 65", :in_reply_to 44, :msg_id 44, :type "echo_ok"}
2023-04-05 07:47:30,005{GMT}	INFO	[jepsen worker 0] jepsen.util: 0	:invoke	:echo	"Please echo 100"
2023-04-05 07:47:30,006{GMT}	INFO	[jepsen worker 0] jepsen.util: 0	:ok	:echo	{:echo "Please echo 100", :in_reply_to 45, :msg_id 45, :type "echo_ok"}
2023-04-05 07:47:30,366{GMT}	INFO	[jepsen worker 0] jepsen.util: 0	:invoke	:echo	"Please echo 60"
2023-04-05 07:47:30,367{GMT}	INFO	[jepsen worker 0] jepsen.util: 0	:ok	:echo	{:echo "Please echo 60", :in_reply_to 46, :msg_id 46, :type "echo_ok"}
2023-04-05 07:47:30,393{GMT}	INFO	[jepsen test runner] jepsen.core: Run complete, writing
2023-04-05 07:47:30,459{GMT}	INFO	[jepsen node n0] maelstrom.db: Tearing down n0
2023-04-05 07:47:32,128{GMT}	INFO	[jepsen node n0] maelstrom.net: Shutting down Maelstrom network
2023-04-05 07:47:32,128{GMT}	INFO	[jepsen test runner] jepsen.core: Analyzing...
2023-04-05 07:47:32,440{GMT}	INFO	[jepsen test runner] jepsen.core: Analysis complete
2023-04-05 07:47:32,461{GMT}	INFO	[jepsen results] jepsen.store: Wrote /Users/bubu/workspace/gossip-gloomers/store/echo/20230405T074718.256+0200/results.edn
2023-04-05 07:47:32,544{GMT}	INFO	[jepsen test runner] jepsen.core: {:perf {:latency-graph {:valid? true},
        :rate-graph {:valid? true},
        :valid? true},
 :timeline {:valid? true},
 :exceptions {:valid? true},
 :stats {:valid? true,
         :count 46,
         :ok-count 46,
         :fail-count 0,
         :info-count 0,
         :by-f {:echo {:valid? true,
                       :count 46,
                       :ok-count 46,
                       :fail-count 0,
                       :info-count 0}}},
 :availability {:valid? true, :ok-fraction 1.0},
 :net {:all {:send-count 94,
             :recv-count 94,
             :msg-count 94,
             :msgs-per-op 2.0434783},
       :clients {:send-count 94, :recv-count 94, :msg-count 94},
       :servers {:send-count 0,
                 :recv-count 0,
                 :msg-count 0,
                 :msgs-per-op 0.0},
       :valid? true},
 :workload {:valid? true, :errors ()},
 :valid? true}


Everything looks good! ヽ(‘ー`)ノ
